[2020-01-03T20:10:14.218] [DEBUG] cheese - login => username:admin,password:123456
[2020-01-03T20:10:14.222] [DEBUG] cheese - admin
[2020-01-03T20:10:14.245] [DEBUG] cheese - { inspect: [Function: inspect] }
[2020-01-03T20:10:14.248] [DEBUG] cheese - 查询失败
[2020-01-03T20:10:25.166] [DEBUG] cheese - login => username:lp,password:123456
[2020-01-03T20:10:25.166] [DEBUG] cheese - lp
[2020-01-03T20:10:25.171] [DEBUG] cheese - { inspect: [Function: inspect] }
[2020-01-03T20:10:25.172] [DEBUG] cheese - 查询失败
[2020-01-03T20:10:59.240] [DEBUG] cheese - login => username:admin,password:123456
[2020-01-03T20:10:59.240] [DEBUG] cheese - admin
[2020-01-03T20:10:59.248] [DEBUG] cheese - { inspect: [Function: inspect] }
[2020-01-03T20:10:59.249] [DEBUG] cheese - 查询失败
[2020-01-03T20:12:24.054] [DEBUG] cheese - login => username:admin,password:123456
[2020-01-03T20:12:24.054] [DEBUG] cheese - admin
[2020-01-03T20:12:24.062] [DEBUG] cheese - null
[2020-01-03T20:12:24.062] [DEBUG] cheese - null
[2020-01-03T20:14:32.434] [DEBUG] cheese - login => username:lp,password:111223
[2020-01-03T20:14:32.434] [DEBUG] cheese - lp
[2020-01-03T20:14:32.447] [DEBUG] cheese - null
[2020-01-03T20:14:32.447] [DEBUG] cheese - null
[2020-01-03T20:14:47.183] [DEBUG] cheese - login => username:admin,password:123456
[2020-01-03T20:14:47.183] [DEBUG] cheese - admin
[2020-01-03T20:14:47.186] [DEBUG] cheese - null
[2020-01-03T20:14:47.186] [DEBUG] cheese - null
[2020-01-03T20:16:34.444] [DEBUG] cheese - login => username:admin,password:123456
[2020-01-03T20:16:34.444] [DEBUG] cheese - admin
[2020-01-03T20:16:34.451] [DEBUG] cheese - null
[2020-01-03T20:16:34.451] [DEBUG] cheese - null
[2020-01-03T20:17:22.004] [DEBUG] cheese - login => username:admin,password:123456
[2020-01-03T20:17:22.004] [DEBUG] cheese - admin
[2020-01-03T20:17:22.009] [DEBUG] cheese - null
[2020-01-03T20:17:22.009] [DEBUG] cheese - null
[2020-01-03T21:44:59.087] [DEBUG] cheese - login => username:admin,password:123456
[2020-01-03T21:44:59.088] [DEBUG] cheese - admin
[2020-01-03T21:44:59.103] [DEBUG] cheese - null
[2020-01-03T21:44:59.103] [DEBUG] cheese - null
[2020-01-04T11:13:25.134] [DEBUG] cheese - null
[2020-01-04T11:14:23.568] [DEBUG] cheese - null
[2020-01-04T21:36:07.566] [DEBUG] cheese - login => username:admin,password:123456
[2020-01-04T21:36:07.570] [DEBUG] cheese - admin
[2020-01-04T21:36:07.592] [DEBUG] cheese - null
[2020-01-04T21:36:07.593] [DEBUG] cheese - null
[2020-01-04T21:46:00.216] [DEBUG] cheese - login => username:admin,password:123456
[2020-01-04T21:46:00.219] [DEBUG] cheese - admin
[2020-01-04T21:46:00.251] [DEBUG] cheese - null
[2020-01-04T21:46:00.251] [DEBUG] cheese - null
[2020-01-04T21:46:17.180] [DEBUG] cheese - login => username:lp,password:111223
[2020-01-04T21:46:17.180] [DEBUG] cheese - lp
[2020-01-04T21:46:17.191] [DEBUG] cheese - null
[2020-01-04T21:46:17.191] [DEBUG] cheese - null
[2020-01-04T21:56:40.374] [DEBUG] cheese - login => username:lp,password:111223
[2020-01-04T21:56:40.375] [DEBUG] cheese - lp
[2020-01-04T21:56:40.398] [DEBUG] cheese - null
[2020-01-04T21:56:40.399] [DEBUG] cheese - null
[2020-01-04T21:57:01.902] [DEBUG] cheese - login => username:admin,password:123456
[2020-01-04T21:57:01.903] [DEBUG] cheese - admin
[2020-01-04T21:57:01.915] [DEBUG] cheese - null
[2020-01-04T21:57:01.916] [DEBUG] cheese - null
[2020-01-04T21:57:25.719] [DEBUG] cheese - login => username:lp,password:111223
[2020-01-04T21:57:25.719] [DEBUG] cheese - lp
[2020-01-04T21:57:25.726] [DEBUG] cheese - null
[2020-01-04T21:57:25.726] [DEBUG] cheese - null
[2020-01-04T21:57:49.524] [DEBUG] cheese - login => username:lp,password:111223
[2020-01-04T21:57:49.524] [DEBUG] cheese - lp
[2020-01-04T21:57:49.531] [DEBUG] cheese - null
[2020-01-04T21:57:49.531] [DEBUG] cheese - null
[2020-01-04T21:58:12.140] [DEBUG] cheese - login => username:lp,password:111223
[2020-01-04T21:58:12.140] [DEBUG] cheese - lp
[2020-01-04T21:58:12.145] [DEBUG] cheese - null
[2020-01-04T21:58:12.145] [DEBUG] cheese - null
[2020-01-04T21:58:17.912] [DEBUG] cheese - login => username:admin,password:123456
[2020-01-04T21:58:17.912] [DEBUG] cheese - admin
[2020-01-04T21:58:17.921] [DEBUG] cheese - null
[2020-01-04T21:58:17.921] [DEBUG] cheese - null
[2020-01-04T21:59:50.457] [DEBUG] cheese - login => username:admin,password:123456
[2020-01-04T21:59:50.458] [DEBUG] cheese - admin
[2020-01-04T21:59:50.468] [DEBUG] cheese - null
[2020-01-04T21:59:50.468] [DEBUG] cheese - null
[2020-01-04T22:00:35.892] [DEBUG] cheese - login => username:admin,password:123456
[2020-01-04T22:00:35.892] [DEBUG] cheese - admin
[2020-01-04T22:00:35.896] [DEBUG] cheese - null
[2020-01-04T22:00:35.896] [DEBUG] cheese - null
[2020-01-06T09:02:32.734] [DEBUG] cheese - login => username:lp,password:111223
[2020-01-06T09:02:32.735] [DEBUG] cheese - lp
[2020-01-06T09:02:32.746] [DEBUG] cheese - null
[2020-01-06T09:02:32.747] [DEBUG] cheese - null
[2020-01-06T09:02:40.414] [DEBUG] cheese - login => username:admin,password:123456
[2020-01-06T09:02:40.414] [DEBUG] cheese - admin
[2020-01-06T09:02:40.419] [DEBUG] cheese - null
[2020-01-06T09:02:40.419] [DEBUG] cheese - null
[2020-01-06T09:03:23.177] [DEBUG] cheese - login => username:xiaoai,password:111223
[2020-01-06T09:03:23.178] [DEBUG] cheese - xiaoai
[2020-01-06T09:03:23.184] [DEBUG] cheese - null
[2020-01-06T09:03:23.185] [DEBUG] cheese - null
[2020-01-06T09:03:29.123] [DEBUG] cheese - login => username:xiaoai,password:123456
[2020-01-06T09:03:29.123] [DEBUG] cheese - xiaoai
[2020-01-06T09:03:29.128] [DEBUG] cheese - null
[2020-01-06T09:03:29.128] [DEBUG] cheese - null
[2020-01-06T09:03:36.880] [DEBUG] cheese - login => username:lp,password:111223
[2020-01-06T09:03:36.880] [DEBUG] cheese - lp
[2020-01-06T09:03:36.884] [DEBUG] cheese - null
[2020-01-06T09:03:36.884] [DEBUG] cheese - null
[2020-01-06T09:03:44.798] [DEBUG] cheese - login => username:test,password:123456
[2020-01-06T09:03:44.799] [DEBUG] cheese - test
[2020-01-06T09:03:44.805] [DEBUG] cheese - null
[2020-01-06T09:03:44.805] [DEBUG] cheese - null
[2020-01-06T09:03:58.787] [DEBUG] cheese - login => username:xiaoai,password:123456
[2020-01-06T09:03:58.787] [DEBUG] cheese - xiaoai
[2020-01-06T09:03:58.789] [DEBUG] cheese - null
[2020-01-06T09:03:58.789] [DEBUG] cheese - null
[2020-01-06T09:04:12.233] [DEBUG] cheese - login => username:admin,password:123456
[2020-01-06T09:04:12.233] [DEBUG] cheese - admin
[2020-01-06T09:04:12.238] [DEBUG] cheese - null
[2020-01-06T09:04:12.239] [DEBUG] cheese - null
[2020-01-06T09:05:35.696] [DEBUG] cheese - login => username:lp,password:111223
[2020-01-06T09:05:35.696] [DEBUG] cheese - lp
[2020-01-06T09:05:35.702] [DEBUG] cheese - null
[2020-01-06T09:05:35.702] [DEBUG] cheese - null
[2020-01-06T09:05:49.581] [DEBUG] cheese - login => username:admin,password:123456
[2020-01-06T09:05:49.581] [DEBUG] cheese - admin
[2020-01-06T09:05:49.584] [DEBUG] cheese - null
[2020-01-06T09:05:49.584] [DEBUG] cheese - null
[2020-01-06T10:38:52.227] [DEBUG] cheese - null
[2020-01-06T10:39:06.250] [DEBUG] cheese - null
[2020-01-06T10:39:49.897] [DEBUG] cheese - null
[2020-01-06T16:20:24.024] [DEBUG] cheese - null
[2020-01-06T16:21:29.478] [DEBUG] cheese - null
[2020-01-06T16:24:02.717] [DEBUG] cheese - null
[2020-01-06T16:25:29.151] [DEBUG] cheese - null
[2020-01-06T16:28:14.016] [DEBUG] cheese - null
[2020-01-06T16:33:44.248] [DEBUG] cheese - null
[2020-01-06T16:34:35.575] [DEBUG] cheese - null
[2020-01-06T16:36:18.060] [DEBUG] cheese - null
[2020-01-06T16:37:10.375] [DEBUG] cheese - null
[2020-01-06T18:10:16.929] [DEBUG] cheese - login => username:lp,password:111223
[2020-01-06T18:10:16.929] [DEBUG] cheese - lp
[2020-01-06T18:10:16.932] [DEBUG] cheese - null
[2020-01-06T18:10:16.932] [DEBUG] cheese - null
[2020-01-06T18:10:34.619] [DEBUG] cheese - login => username:admin,password:123456
[2020-01-06T18:10:34.619] [DEBUG] cheese - admin
[2020-01-06T18:10:34.621] [DEBUG] cheese - null
[2020-01-06T18:10:34.622] [DEBUG] cheese - null
[2020-01-07T08:52:52.284] [DEBUG] cheese - null
[2020-01-07T08:53:03.328] [DEBUG] cheese - null
[2020-01-07T08:54:30.912] [DEBUG] cheese - null
[2020-01-07T10:43:57.287] [DEBUG] cheese - null
[2020-01-07T10:51:22.911] [DEBUG] cheese - login => username:admin,password:123456
[2020-01-07T10:51:22.912] [DEBUG] cheese - admin
[2020-01-07T10:51:22.915] [DEBUG] cheese - null
[2020-01-07T10:51:22.916] [DEBUG] cheese - null
[2020-07-15T21:50:05.265] [DEBUG] cheese - login => username:admin,password:123456
[2020-07-15T21:50:05.270] [DEBUG] cheese - admin
[2020-07-15T21:50:05.414] [DEBUG] cheese - null
[2020-07-15T21:50:05.415] [DEBUG] cheese - null
[2020-07-15T21:50:34.539] [DEBUG] cheese - login => username:admin,password:123456
[2020-07-15T21:50:34.539] [DEBUG] cheese - admin
[2020-07-15T21:50:34.659] [DEBUG] cheese - null
[2020-07-15T21:50:34.660] [DEBUG] cheese - null
[2020-07-15T21:50:47.532] [DEBUG] cheese - login => username:admin,password:123456
[2020-07-15T21:50:47.532] [DEBUG] cheese - admin
[2020-07-15T21:50:47.661] [DEBUG] cheese - null
[2020-07-15T21:50:47.661] [DEBUG] cheese - null
[2020-08-01T11:41:21.064] [DEBUG] cheese - login => username:admin,password:123456
[2020-08-01T11:41:21.067] [DEBUG] cheese - admin
[2020-08-01T11:41:21.277] [DEBUG] cheese - null
[2020-08-01T11:41:21.278] [DEBUG] cheese - null
[2020-08-01T11:42:17.230] [DEBUG] cheese - login => username:admin,password:123456
[2020-08-01T11:42:17.230] [DEBUG] cheese - admin
[2020-08-01T11:42:17.237] [DEBUG] cheese - null
[2020-08-01T11:42:17.238] [DEBUG] cheese - null
[2020-08-01T11:42:20.694] [DEBUG] cheese - login => username:admin,password:123456
[2020-08-01T11:42:20.694] [DEBUG] cheese - admin
[2020-08-01T11:42:20.702] [DEBUG] cheese - null
[2020-08-01T11:42:20.702] [DEBUG] cheese - null
[2020-08-01T11:42:21.704] [DEBUG] cheese - login => username:admin,password:123456
[2020-08-01T11:42:21.704] [DEBUG] cheese - admin
[2020-08-01T11:42:21.708] [DEBUG] cheese - null
[2020-08-01T11:42:21.708] [DEBUG] cheese - null
[2020-08-02T13:12:47.227] [DEBUG] cheese - login => username:admin,password:123456
[2020-08-02T13:12:47.229] [DEBUG] cheese - admin
[2020-08-02T13:12:47.258] [DEBUG] cheese - null
[2020-08-02T13:12:47.258] [DEBUG] cheese - null
[2021-08-08T12:18:26.154] [DEBUG] cheese - login => username:admin,password:123456
[2021-08-08T12:18:26.157] [DEBUG] cheese - admin
[2021-08-08T12:18:26.191] [DEBUG] cheese - null
[2021-08-08T12:18:26.192] [DEBUG] cheese - null
[2021-08-09T08:26:54.229] [DEBUG] cheese - login => username:admin,password:123456
[2021-08-09T08:26:54.231] [DEBUG] cheese - admin
[2021-08-09T08:26:54.242] [DEBUG] cheese - null
[2021-08-09T08:26:54.243] [DEBUG] cheese - null
[2021-08-09T11:58:49.249] [DEBUG] cheese - login => username:admin,password:123456
[2021-08-09T11:58:49.250] [DEBUG] cheese - admin
[2021-08-09T11:58:49.253] [DEBUG] cheese - null
[2021-08-09T11:58:49.254] [DEBUG] cheese - null
[2021-08-09T14:59:36.219] [DEBUG] cheese - login => username:admin,password:123456
[2021-08-09T14:59:36.220] [DEBUG] cheese - admin
[2021-08-09T14:59:36.230] [DEBUG] cheese - null
[2021-08-09T14:59:36.230] [DEBUG] cheese - null
[2021-08-09T20:23:26.024] [DEBUG] cheese - login => username:admin,password:123456
[2021-08-09T20:23:26.026] [DEBUG] cheese - admin
[2021-08-09T20:23:26.043] [DEBUG] cheese - null
[2021-08-09T20:23:26.044] [DEBUG] cheese - null
[2021-08-10T15:03:44.519] [DEBUG] cheese - login => username:admin,password:123456
[2021-08-10T15:03:44.521] [DEBUG] cheese - admin
[2021-08-10T15:03:44.528] [DEBUG] cheese - null
[2021-08-10T15:03:44.528] [DEBUG] cheese - null
[2021-08-10T23:25:02.296] [DEBUG] cheese - login => username:admin,password:123456
[2021-08-10T23:25:02.301] [DEBUG] cheese - admin
[2021-08-10T23:25:02.333] [DEBUG] cheese - null
[2021-08-10T23:25:02.334] [DEBUG] cheese - null
[2021-08-11T11:26:32.938] [DEBUG] cheese - null
[2021-08-11T11:28:40.346] [DEBUG] cheese - null
[2021-08-11T11:28:47.814] [DEBUG] cheese - null
[2021-08-11T11:28:48.936] [DEBUG] cheese - null
[2021-08-11T11:28:49.829] [DEBUG] cheese - null
[2021-08-11T11:28:50.842] [DEBUG] cheese - null
[2021-08-11T11:28:51.295] [DEBUG] cheese - null
[2021-08-11T11:29:34.166] [DEBUG] cheese - null
[2021-08-11T11:29:35.835] [DEBUG] cheese - null
[2021-08-11T11:29:36.557] [DEBUG] cheese - null
[2021-08-11T11:29:38.007] [DEBUG] cheese - null
[2021-08-11T11:29:39.365] [DEBUG] cheese - null
[2021-08-11T11:29:41.006] [DEBUG] cheese - null
[2021-08-11T11:29:42.534] [DEBUG] cheese - null
[2021-08-11T11:29:49.048] [DEBUG] cheese - null
[2021-08-11T11:29:51.010] [DEBUG] cheese - null
[2021-08-11T11:29:51.925] [DEBUG] cheese - null
[2021-08-11T11:29:52.982] [DEBUG] cheese - null
[2021-08-11T11:29:54.555] [DEBUG] cheese - null
[2021-08-11T11:44:25.525] [DEBUG] cheese - null
[2021-08-11T11:53:18.054] [DEBUG] cheese - null
[2021-08-11T11:53:55.853] [DEBUG] cheese - null
[2021-08-11T11:54:10.446] [DEBUG] cheese - null
[2021-08-11T11:54:28.188] [DEBUG] cheese - null
[2021-08-11T11:55:42.084] [DEBUG] cheese - null
[2021-08-11T11:55:54.604] [DEBUG] cheese - null
[2021-08-11T14:17:32.735] [DEBUG] cheese - login => username:admin,password:123456
[2021-08-11T14:17:32.737] [DEBUG] cheese - admin
[2021-08-11T14:17:32.751] [DEBUG] cheese - null
[2021-08-11T14:17:32.751] [DEBUG] cheese - null
[2021-08-11T16:31:41.020] [DEBUG] cheese - null
[2021-08-11T16:35:47.913] [DEBUG] cheese - null
[2021-08-11T16:36:43.817] [DEBUG] cheese - null
[2021-08-11T16:37:33.224] [DEBUG] cheese - null
[2021-08-11T16:37:33.227] [DEBUG] cheese - null
[2021-08-11T16:38:22.930] [DEBUG] cheese - null
[2021-08-11T16:38:22.933] [DEBUG] cheese - null
[2021-08-11T16:41:16.860] [DEBUG] cheese - null
[2021-08-11T16:41:53.344] [DEBUG] cheese - null
[2021-08-11T16:42:16.064] [DEBUG] cheese - null
[2021-08-11T16:48:18.658] [DEBUG] cheese - null
[2021-08-11T18:01:43.225] [DEBUG] cheese - null
[2021-08-11T18:05:54.790] [DEBUG] cheese - null
[2021-08-11T18:06:06.816] [DEBUG] cheese - null
[2021-08-11T18:07:18.127] [DEBUG] cheese - null
[2021-08-11T18:08:46.694] [DEBUG] cheese - null
[2021-08-11T20:26:27.360] [DEBUG] cheese - login => username:admin,password:123456
[2021-08-11T20:26:27.364] [DEBUG] cheese - admin
[2021-08-11T20:26:27.403] [DEBUG] cheese - null
[2021-08-11T20:26:27.404] [DEBUG] cheese - null
[2021-08-11T20:49:32.614] [DEBUG] cheese - null
[2021-08-12T08:20:08.171] [DEBUG] cheese - login => username:admin,password:123456
[2021-08-12T08:20:08.173] [DEBUG] cheese - admin
[2021-08-12T08:20:08.186] [DEBUG] cheese - null
[2021-08-12T08:20:08.187] [DEBUG] cheese - null
[2021-08-12T08:22:54.666] [DEBUG] cheese - login => username:admin,password:123456
[2021-08-12T08:22:54.666] [DEBUG] cheese - admin
[2021-08-12T08:22:54.674] [DEBUG] cheese - null
[2021-08-12T08:22:54.674] [DEBUG] cheese - null
[2021-08-12T08:24:52.325] [DEBUG] cheese - login => username:admin,password:123456
[2021-08-12T08:24:52.325] [DEBUG] cheese - admin
[2021-08-12T08:24:52.329] [DEBUG] cheese - null
[2021-08-12T08:24:52.329] [DEBUG] cheese - null
[2021-08-12T08:25:58.629] [DEBUG] cheese - login => username:admin,password:123456
[2021-08-12T08:25:58.629] [DEBUG] cheese - admin
[2021-08-12T08:25:58.638] [DEBUG] cheese - null
[2021-08-12T08:25:58.638] [DEBUG] cheese - null
[2021-08-12T08:27:14.856] [DEBUG] cheese - login => username:admin,password:123456
[2021-08-12T08:27:14.857] [DEBUG] cheese - admin
[2021-08-12T08:27:14.863] [DEBUG] cheese - null
[2021-08-12T08:27:14.863] [DEBUG] cheese - null
[2021-08-12T08:30:55.474] [DEBUG] cheese - login => username:admin,password:123456
[2021-08-12T08:30:55.474] [DEBUG] cheese - admin
[2021-08-12T08:30:55.479] [DEBUG] cheese - null
[2021-08-12T08:30:55.479] [DEBUG] cheese - null
[2021-08-12T08:32:21.017] [DEBUG] cheese - login => username:admin,password:123456
[2021-08-12T08:32:21.018] [DEBUG] cheese - admin
[2021-08-12T08:32:21.022] [DEBUG] cheese - null
[2021-08-12T08:32:21.023] [DEBUG] cheese - null
[2021-08-12T08:33:46.685] [DEBUG] cheese - login => username:admin,password:123456
[2021-08-12T08:33:46.685] [DEBUG] cheese - admin
[2021-08-12T08:33:46.690] [DEBUG] cheese - null
[2021-08-12T08:33:46.690] [DEBUG] cheese - null
[2021-08-12T08:34:55.970] [DEBUG] cheese - login => username:admin,password:123456
[2021-08-12T08:34:55.971] [DEBUG] cheese - admin
[2021-08-12T08:34:55.973] [DEBUG] cheese - null
[2021-08-12T08:34:55.974] [DEBUG] cheese - null
[2021-08-12T08:37:18.633] [DEBUG] cheese - login => username:admin,password:123456
[2021-08-12T08:37:18.633] [DEBUG] cheese - admin
[2021-08-12T08:37:18.641] [DEBUG] cheese - null
[2021-08-12T08:37:18.641] [DEBUG] cheese - null
[2021-08-12T08:37:36.202] [DEBUG] cheese - login => username:admin,password:123456
[2021-08-12T08:37:36.202] [DEBUG] cheese - admin
[2021-08-12T08:37:36.206] [DEBUG] cheese - null
[2021-08-12T08:37:36.207] [DEBUG] cheese - null
[2021-08-12T08:38:29.265] [DEBUG] cheese - login => username:admin,password:123456
[2021-08-12T08:38:29.265] [DEBUG] cheese - admin
[2021-08-12T08:38:29.270] [DEBUG] cheese - null
[2021-08-12T08:38:29.270] [DEBUG] cheese - null
[2021-08-12T08:39:34.641] [DEBUG] cheese - login => username:admin,password:123456
[2021-08-12T08:39:34.641] [DEBUG] cheese - admin
[2021-08-12T08:39:34.648] [DEBUG] cheese - null
[2021-08-12T08:39:34.648] [DEBUG] cheese - null
[2021-08-12T08:39:44.863] [DEBUG] cheese - login => username:admin,password:123456
[2021-08-12T08:39:44.864] [DEBUG] cheese - admin
[2021-08-12T08:39:44.867] [DEBUG] cheese - null
[2021-08-12T08:39:44.867] [DEBUG] cheese - null
[2021-08-12T10:35:09.335] [DEBUG] cheese - null
[2021-08-12T15:04:57.147] [DEBUG] cheese - null
[2021-08-13T11:30:58.125] [DEBUG] cheese - login => username:admin,password:123456
[2021-08-13T11:30:58.126] [DEBUG] cheese - admin
[2021-08-13T11:30:58.143] [DEBUG] cheese - null
[2021-08-13T11:30:58.144] [DEBUG] cheese - null
